0 info it worked if it ends with ok
1 verbose cli [ 'C:\\Program Files (x86)\\nodejs\\node.exe',
1 verbose cli   'C:\\Program Files (x86)\\nodejs\\node_modules\\npm\\bin\\npm-cli.js',
1 verbose cli   'start' ]
2 info using npm@3.3.12
3 info using node@v5.4.1
4 verbose run-script [ 'prestart', 'start', 'poststart' ]
5 info lifecycle comp2068-lesson-04@0.0.1~prestart: comp2068-lesson-04@0.0.1
6 silly lifecycle comp2068-lesson-04@0.0.1~prestart: no script for prestart, continuing
7 info lifecycle comp2068-lesson-04@0.0.1~start: comp2068-lesson-04@0.0.1
8 verbose lifecycle comp2068-lesson-04@0.0.1~start: unsafe-perm in lifecycle true
9 verbose lifecycle comp2068-lesson-04@0.0.1~start: PATH: C:\Program Files (x86)\nodejs\node_modules\npm\bin\node-gyp-bin;c:\Users\Patrick\Desktop\AWD COMP2068\comp2068-lesson-04\node_modules\.bin;C:\ProgramData\Oracle\Java\javapath;C:\Program Files (x86)\Intel\TXE Components\TCS\;C:\Program Files\Intel\TXE Components\TCS\;C:\WINDOWS\system32;C:\WINDOWS;C:\WINDOWS\System32\Wbem;C:\WINDOWS\System32\WindowsPowerShell\v1.0\;C:\WINDOWS\system32\config\systemprofile\.dnx\bin;C:\Program Files\Microsoft DNX\Dnvm\;C:\Program Files\Microsoft SQL Server\120\Tools\Binn\;C:\Program Files (x86)\Windows Kits\10\Windows Performance Toolkit\;C:\Program Files (x86)\nodejs\;C:\Users\Patrick\AppData\Local\GitHub\PortableGit_c7e0cbde92ba565cb218a521411d0e854079a28c\cmd;C:\Program Files (x86)\MySQL\MySQL Fabric 1.5 & MySQL Utilities 1.5\;C:\Program Files (x86)\MySQL\MySQL Fabric 1.5 & MySQL Utilities 1.5\Doctrine extensions for PHP\;C:\Program Files (x86)\Microsoft VS Code\bin;C:\Users\Patrick\AppData\Roaming\npm
10 verbose lifecycle comp2068-lesson-04@0.0.1~start: CWD: c:\Users\Patrick\Desktop\AWD COMP2068\comp2068-lesson-04
11 silly lifecycle comp2068-lesson-04@0.0.1~start: Args: [ '/d /s /c', 'node server.js' ]
12 silly lifecycle comp2068-lesson-04@0.0.1~start: Returned: code: 1  signal: null
13 info lifecycle comp2068-lesson-04@0.0.1~start: Failed to exec start script
14 verbose stack Error: comp2068-lesson-04@0.0.1 start: `node server.js`
14 verbose stack Exit status 1
14 verbose stack     at EventEmitter.<anonymous> (C:\Program Files (x86)\nodejs\node_modules\npm\lib\utils\lifecycle.js:232:16)
14 verbose stack     at emitTwo (events.js:87:13)
14 verbose stack     at EventEmitter.emit (events.js:172:7)
14 verbose stack     at ChildProcess.<anonymous> (C:\Program Files (x86)\nodejs\node_modules\npm\lib\utils\spawn.js:24:14)
14 verbose stack     at emitTwo (events.js:87:13)
14 verbose stack     at ChildProcess.emit (events.js:172:7)
14 verbose stack     at maybeClose (internal/child_process.js:821:16)
14 verbose stack     at Process.ChildProcess._handle.onexit (internal/child_process.js:211:5)
15 verbose pkgid comp2068-lesson-04@0.0.1
16 verbose cwd c:\Users\Patrick\Desktop\AWD COMP2068\comp2068-lesson-04
17 error Windows_NT 10.0.10586
18 error argv "C:\\Program Files (x86)\\nodejs\\node.exe" "C:\\Program Files (x86)\\nodejs\\node_modules\\npm\\bin\\npm-cli.js" "start"
19 error node v5.4.1
20 error npm  v3.3.12
21 error code ELIFECYCLE
22 error comp2068-lesson-04@0.0.1 start: `node server.js`
22 error Exit status 1
23 error Failed at the comp2068-lesson-04@0.0.1 start script 'node server.js'.
23 error Make sure you have the latest version of node.js and npm installed.
23 error If you do, this is most likely a problem with the comp2068-lesson-04 package,
23 error not with npm itself.
23 error Tell the author that this fails on your system:
23 error     node server.js
23 error You can get their info via:
23 error     npm owner ls comp2068-lesson-04
23 error There is likely additional logging output above.
24 verbose exit [ 1, true ]
